3
34
--------------------Print Solution Start-------------------------------
Value_in: 
1110101000011001001110101101111111100010011010111011100000100000
0000110010100100101000110000111010101100011001111110001000110001
1000011110010101110110111010000101100110001010001001001011000001
0000111110100111110001010110000100001100100010000100111010010001
0110011100000111010101001110000110001000110011010110111010000001
------
0xEA193ADFE26BB820
0x0CA4A30EAC67E231
0x8795DBA1662892C1
0x0FA7C5610C884E91
0x670754E188CD6E81
------
-------------------------Print Done :)--------------------------------
##############################################
alpha0: 
0000010010000000000000000000000000000000000000010000000000000000
0000000000000000000000000000000000000000000000000000000000000000
0000000000000000000000000000000000000000000000000000000000000000
0000000000000000000000000000000000000000000000000000000000000000
0000000000000000000000000000000000000000000000000000000000000000
------
0x0480000000010000
0x0000000000000000
0x0000000000000000
0x0000000000000000
0x0000000000000000
------
##############################################
input Value_in state at round 0: 
1110101000011001001110101101111111100010011010111011100000100000
0000110010100100101000110000111010101100011001111110001000110001
1000011110010101110110111010000101100110001010001001001011000001
0000111110100111110001010110000100001100100010000100111010010001
0110011100000111010101001110000110001000110011010110111010000001
------
0xEA193ADFE26BB820
0x0CA4A30EAC67E231
0x8795DBA1662892C1
0x0FA7C5610C884E91
0x670754E188CD6E81
------
##############################################
input Value_out  state at round 0: 
1110111010011001001110101101111111100010011010101011100000100000
0000110010100100101000110000111010101100011001111110001000110001
1000011110010101110110111010000101100110001010001001001011000001
0000111110100111110001010110000100001100100010000100111010010001
0110011100000111010101001110000110001000110011010110111010000001
------
0xEE993ADFE26AB820
0x0CA4A30EAC67E231
0x8795DBA1662892C1
0x0FA7C5610C884E91
0x670754E188CD6E81
------
start round function
##############################################
beta0: 
0000000000000000000000000000000000000000000000000000000000000000
0000010010000000000000000000000000000000000000010000000000000000
0000000000000000000000000000000000000000000000000000000000000000
0000010000000000000000000000000000000000000000000000000000000000
0000010010000000000000000000000000000000000000010000000000000000
------
0x0000000000000000
0x0480000000010000
0x0000000000000000
0x0400000000000000
0x0480000000010000
------
##############################################
Value_in0^S: 
0110011000001111001001100001111100101000101010101100011010100001
0000011000101101000100001101000110000000010010010010101000000001
0001010011001110100101111101000010110101111101011010111111111111
0110000110001000110000110111000000101100001000001100100000110000
0110100000000000000100001000000000000000000001000000000000000000
------
0x660F261F28AAC6A1
0x062D10D180492A01
0x14CE97D0B5F5AFFF
0x6188C3702C20C830
0x6800108000040000
------
##############################################
Value_out0^S: 
0110011000001111001001100001111100101000101010101100011010100001
0000001010101101000100001101000110000000010010000010101000000001
0001010011001110100101111101000010110101111101011010111111111111
0110010110001000110000110111000000101100001000001100100000110000
0110110010000000000100001000000000000000000001010000000000000000
------
0x660F261F28AAC6A1
0x02AD10D180482A01
0x14CE97D0B5F5AFFF
0x6588C3702C20C830
0x6C80108000050000
------
##############################################
alpha1: 
0000000000000000000000000000000000000000000000000000000000000000
0010000010000000000000100000000000000000000000000000000000000000
0000000000000000000000000000000000000000000000000000000000000000
0000010000000001000000100000000000000000000000000000000000000000
0000010010001001000000001000000000000000000000110100001000000000
------
0x0000000000000000
0x2080020000000000
0x0000000000000000
0x0401020000000000
0x0489008000034200
------
##############################################
Value_in1: 
1011010001110111011000001100100010101100100110110100001001000110
1001010001000101000001000000100110000000000011000010000000101000
0110001011111010111001100110011110101101110110001010111010111111
0000100110001000100100011000010010010001100100111101011000010010
0010100011010000000100101010000100000000001100000000100000001000
------
0xB47760C8AC9B4246
0x94450409800C2028
0x62FAE667ADD8AEBF
0x098891849193D612
0x28D012A100300808
------
##############################################
Value_out1: 
1011010001110111011000001100100010101100100110110100001001000110
1011010011000101000001100000100110000000000011000010000000101000
0110001011111010111001100110011110101101110110001010111010111111
0000110110001001100100111000010010010001100100111101011000010010
0010110001011001000100100010000100000000001100110100101000001000
------
0xB47760C8AC9B4246
0xB4C50609800C2028
0x62FAE667ADD8AEBF
0x0D8993849193D612
0x2C59122100334A08
------
##############################################
beta1: 
0000000000000000000000000000000000000000000000000000000000000000
0000010000001001000000101000000000000000000000110100001000000000
0010000010000000000000000000000000000000000000000000000000000000
0010000000001000000000000000000000000000000000000000000000000000
0010010000001001000000101000000000000000000000110100001000000000
------
0x0000000000000000
0x0409028000034200
0x2080000000000000
0x2008000000000000
0x2409028000034200
------
##############################################
Value_in1^S: 
1101111100000101000101110010101000010000110111000011101000100010
0110001101011000100001011000011010010001011101001011010000110000
0010100100010000000111111011000011010010000010110111100110000001
0100001111000000000000011000001110010000011011110101000000101000
0010000100011000100001110010010110010001101001111111111000111010
------
0xDF05172A10DC3A22
0x635885869174B430
0x29101FB0D20B7981
0x43C00183906F5028
0x2118872591A7FE3A
------
##############################################
Value_out1^S: 
1101111100000101000101110010101000010000110111000011101000100010
0110011101010001100001110000011010010001011101111111011000110000
0000100110010000000111111011000011010010000010110111100110000001
0110001111001000000000011000001110010000011011110101000000101000
0000010100010001100001011010010110010001101001001011110000111010
------
0xDF05172A10DC3A22
0x675187069177F630
0x09901FB0D20B7981
0x63C80183906F5028
0x051185A591A4BC3A
------
##############################################
alpha2: 
0000000000000000000000000000000000000000000000000000000000000000
0010010001000001000100000000010000000000000100010100000000000101
0011000001000010000000000000000000000000000000000000000000000000
0010000000000000000100100000010000000000000000000000000000000000
0110010001000001000100010010010000000000000100010100000000000101
------
0x0000000000000000
0x2441100400114005
0x3042000000000000
0x2000120400000000
0x6441112400114005
------
##############################################
Value_in2: 
0101010110000010111011101110011101000010011010000000101010011000
0111010010111110010000001101101001111010000101111010010010111000
1011100100111100010100000001011001111000010001101110100010100111
1110000111000100110100000110001111110000010010101000001111001011
1100011110010010011001011101010011000111100101000011110110000101
------
0x5582EEE742680A98
0x74BE40DA7A17A4B8
0xB93C50167846E8A7
0xE1C4D063F04A83CB
0xC79265D4C7943D85
------
##############################################
Value_out2: 
0101010110000010111011101110011101000010011010000000101010011000
0101000011111111010100001101111001111010000001101110010010111101
1000100101111110010100000001011001111000010001101110100010100111
1100000111000100110000100110011111110000010010101000001111001011
1010001111010011011101001111000011000111100001010111110110000000
------
0x5582EEE742680A98
0x50FF50DE7A06E4BD
0x897E50167846E8A7
0xC1C4C267F04A83CB
0xA3D374F0C7857D80
------
##############################################
beta2: 
0100010000000000000000100000000000000000000000010100000000000000
0110000000000000000100110010000000000000000000000100000000000100
0011000000000010000000010000000000000000000000000000000000000001
0001010001000010000100010000010000000000000000000000000000000000
0010000001000001000000110010000000000000000100000100000000000000
------
0x4400020000014000
0x6000132000004004
0x3002010000000001
0x1442110400000000
0x2041032000104000
------
##############################################
Value_in2^S: 
0101100111101000011011100100100011001000011000010100000110110110
0100111111101010000110111100111000001111101000010101100011100010
0011010001101111110010101010011111111010001110101000111100110110
1011101001010100111011110011101101110101101011111111001000010011
0100001011111000111101010111111101001101110111010011111011101110
------
0x59E86E48C86141B6
0x4FEA1BCE0FA158E2
0x346FCAA7FA3A8F36
0xBA54EF3B75AFF213
0x42F8F57F4DDD3EEE
------
##############################################
Value_out2^S: 
0001110111101000011011000100100011001000011000000000000110110110
0010111111101010000010001110111000001111101000010001100011100110
0000010001101101110010111010011111111010001110101000111100110111
1010111000010110111111100011111101110101101011111111001000010011
0110001010111001111101100101111101001101110011010111111011101110
------
0x1DE86C48C86001B6
0x2FEA08EE0FA118E6
0x046DCBA7FA3A8F37
0xAE16FE3F75AFF213
0x62B9F65F4DCD7EEE
------
False! not satisfy
False! not satisfy
False! not satisfy
False! not satisfy
False! not satisfy
False! not satisfy
False! not satisfy
False! not satisfy
False! not satisfy
False! not satisfy
False! not satisfy
False! not satisfy
False! not satisfy
False! not satisfy
False! not satisfy
False! not satisfy
False! not satisfy
False! not satisfy
False! not satisfy
False! not satisfy
False! not satisfy
False! not satisfy
False! not satisfy
False! not satisfy
False! not satisfy
False! not satisfy
False! not satisfy
False! not satisfy
False! not satisfy
False! not satisfy
False! not satisfy
False! not satisfy
False! not satisfy
False! not satisfy
False! not satisfy
False! not satisfy
False! not satisfy
False! not satisfy
False! not satisfy
False! not satisfy
False! not satisfy
False! not satisfy
False! not satisfy
False! not satisfy
False! not satisfy
False! not satisfy
False! not satisfy
False! not satisfy
False! not satisfy
False! not satisfy
False! not satisfy
False! not satisfy
False! not satisfy
False! not satisfy
False! not satisfy
False! not satisfy
False! not satisfy
False! not satisfy
False! not satisfy
False! not satisfy
False! not satisfy
check over
