3
34
--------------------Print Solution Start-------------------------------
Value_in: 
0110000001111110001110000110101111010010110001100011010100010100
1001010111100100010001100000010000011110000001011000001011100111
1110101100110011000101101111011000100111001110111100000110101110
1001010010111011101001001101011101000111010101110010100111111101
1010011100010100101111000100100000101110011101000110001001110010
------
0x607E386BD2C63514
0x95E446041E0582E7
0xEB3316F6273BC1AE
0x94BBA4D7475729FD
0xA714BC482E746272
------
-------------------------Print Done :)--------------------------------
##############################################
alpha0: 
0000010010000000000000000000000000000000000000010000000000000000
0000000000000000000000000000000000000000000000000000000000000000
0000000000000000000000000000000000000000000000000000000000000000
0000000000000000000000000000000000000000000000000000000000000000
0000000000000000000000000000000000000000000000000000000000000000
------
0x0480000000010000
0x0000000000000000
0x0000000000000000
0x0000000000000000
0x0000000000000000
------
##############################################
input Value_in state at round 0: 
0110000001111110001110000110101111010010110001100011010100010100
1001010111100100010001100000010000011110000001011000001011100111
1110101100110011000101101111011000100111001110111100000110101110
1001010010111011101001001101011101000111010101110010100111111101
1010011100010100101111000100100000101110011101000110001001110010
------
0x607E386BD2C63514
0x95E446041E0582E7
0xEB3316F6273BC1AE
0x94BBA4D7475729FD
0xA714BC482E746272
------
##############################################
input Value_out  state at round 0: 
0110010011111110001110000110101111010010110001110011010100010100
1001010111100100010001100000010000011110000001011000001011100111
1110101100110011000101101111011000100111001110111100000110101110
1001010010111011101001001101011101000111010101110010100111111101
1010011100010100101111000100100000101110011101000110001001110010
------
0x64FE386BD2C73514
0x95E446041E0582E7
0xEB3316F6273BC1AE
0x94BBA4D7475729FD
0xA714BC482E746272
------
start round function
##############################################
beta0: 
0000000000000000000000000000000000000000000000000000000000000000
0000010010000000000000000000000000000000000000010000000000000000
0000000000000000000000000000000000000000000000000000000000000000
0000010000000000000000000000000000000000000000000000000000000000
0000010010000000000000000000000000000000000000010000000000000000
------
0x0000000000000000
0x0480000000010000
0x0000000000000000
0x0400000000000000
0x0480000000010000
------
##############################################
Value_in0^S: 
1000111001010010110011100100101010110110101011101101110101110000
1011100010110101011101101101000010000101110011001011110011011101
1010001000101100101101110000010111101110111000011111111001000100
0000110100101000011010000000110111000010110110010011110000100110
0010001100101011010110101001101101101011001001101100101100001110
------
0x8E52CE4AB6AEDD70
0xB8B576D085CCBCDD
0xA22CB705EEE1FE44
0x0D28680DC2D93C26
0x232B5A9B6B26CB0E
------
##############################################
Value_out0^S: 
1000111001010010110011100100101010110110101011101101110101110000
1011110000110101011101101101000010000101110011011011110011011101
1010001000101100101101110000010111101110111000011111111001000100
0000100100101000011010000000110111000010110110010011110000100110
0010011110101011010110101001101101101011001001111100101100001110
------
0x8E52CE4AB6AEDD70
0xBC3576D085CDBCDD
0xA22CB705EEE1FE44
0x0928680DC2D93C26
0x27AB5A9B6B27CB0E
------
##############################################
alpha1: 
0000000000000000000000000000000000000000000000000000000000000000
0010000010000000000000100000000000000000000000000000000000000000
0000000000000000000000000000000000000000000000000000000000000000
0000010000000001000000100000000000000000000000000000000000000000
0000010010001001000000001000000000000000000000110100001000000000
------
0x0000000000000000
0x2080020000000000
0x0000000000000000
0x0401020000000000
0x0489008000034200
------
##############################################
Value_in1: 
0011111100010001000010001000100000001010010010110110111100001110
1101110000010101010110010010110100010000110110000011000011011101
1110000110110010010111100101101100001110001010101000011010011111
1001101010111000001001001000001111110101101011110110101100000101
0111001011011000100111110100101111011010111000010001001100110101
------
0x3F1108880A4B6F0E
0xDC15592D10D830DD
0xE1B25E5B0E2A869F
0x9AB82483F5AF6B05
0x72D89F4BDAE11335
------
##############################################
Value_out1: 
0011111100010001000010001000100000001010010010110110111100001110
1111110010010101010110110010110100010000110110000011000011011101
1110000110110010010111100101101100001110001010101000011010011111
1001111010111001001001101000001111110101101011110110101100000101
0111011001010001100111111100101111011010111000100101000100110101
------
0x3F1108880A4B6F0E
0xFC955B2D10D830DD
0xE1B25E5B0E2A869F
0x9EB92683F5AF6B05
0x76519FCBDAE25135
------
##############################################
beta1: 
0000000000000000000000000000000000000000000000000000000000000000
0000010000001001000000101000000000000000000000110100001000000000
0010000010000000000000000000000000000000000000000000000000000000
0010000000001000000000000000000000000000000000000000000000000000
0010010000001001000000101000000000000000000000110100001000000000
------
0x0000000000000000
0x0409028000034200
0x2080000000000000
0x2008000000000000
0x2409028000034200
------
##############################################
Value_in1^S: 
0001010000011111011000100111010111110001100101101000001011101101
0011001001100110111010000011110100101111010111011000001111000000
1010001000011000011000111100000111101011010011010101100101101100
1100001011010110101111001011111000110001101111011100100110011101
0111100001110100111100111110010000101111000111100111100011110100
------
0x141F6275F19682ED
0x3266E83D2F5D83C0
0xA21863C1EB4D596C
0xC2D6BCBE31BDC99D
0x7874F3E42F1E78F4
------
##############################################
Value_out1^S: 
0001010000011111011000100111010111110001100101101000001011101101
0011011001101111111010101011110100101111010111101100000111000000
1000001010011000011000111100000111101011010011010101100101101100
1110001011011110101111001011111000110001101111011100100110011101
0101110001111101111100010110010000101111000111010011101011110100
------
0x141F6275F19682ED
0x366FEABD2F5EC1C0
0x829863C1EB4D596C
0xE2DEBCBE31BDC99D
0x5C7DF1642F1D3AF4
------
##############################################
alpha2: 
0000000000000000000000000000000000000000000000000000000000000000
0010010001000001000100000000010000000000000100010100000000000101
0011000001000010000000000000000000000000000000000000000000000000
0010000000000000000100100000010000000000000000000000000000000000
0110010001000001000100010010010000000000000100010100000000000101
------
0x0000000000000000
0x2441100400114005
0x3042000000000000
0x2000120400000000
0x6441112400114005
------
##############################################
Value_in2: 
1101110100101010111011100010011101011100001011100001101110000000
1101101100001111000100101101001111010101110101010101000000010001
0100000110011100001100111010111000011001010001101100000010111111
0100000101101000111010000111101001000000011011101011111000110001
0110001010010011100101010011111110011101011111000111111001111100
------
0xDD2AEE275C2E1B80
0xDB0F12D3D5D55011
0x419C33AE1946C0BF
0x4168E87A406EBE31
0x6293953F9D7C7E7C
------
##############################################
Value_out2: 
1101110100101010111011100010011101011100001011100001101110000000
1111111101001110000000101101011111010101110001000001000000010100
0111000111011110001100111010111000011001010001101100000010111111
0110000101101000111110100111111001000000011011101011111000110001
0000011011010010100001000001101110011101011011010011111001111001
------
0xDD2AEE275C2E1B80
0xFF4E02D7D5C41014
0x71DE33AE1946C0BF
0x6168FA7E406EBE31
0x06D2841B9D6D3E79
------
##############################################
beta2: 
0100010000000000000000100000000000000000000000010100000000000000
0110000000000000000100110010000000000000000000000100000000000100
0011000000000010000000010000000000000000000000000000000000000001
0001010001000010000100010000010000000000000000000000000000000000
0010000001000001000000110010000000000000000100000100000000000000
------
0x4400020000014000
0x6000132000004004
0x3002010000000001
0x1442110400000000
0x2041032000104000
------
##############################################
Value_in2^S: 
1101110011010100001001111011001000000000110001110011010111011100
0010010101001110100000001110010100011100111010011001101110000000
0100011111111111110010111000011110101110011111000010111111001111
0110010101101000110111100001101000010001101011010100101110110001
0110001111111101011111011000011011001001100101111101000001001100
------
0xDCD427B200C735DC
0x254E80E51CE99B80
0x47FFCB87AE7C2FCF
0x6568DE1A11AD4BB1
0x63FD7D86C997D04C
------
##############################################
Value_out2^S: 
1001100011010100001001011011001000000000110001100111010111011100
0100010101001110100100111100010100011100111010011101101110000100
0111011111111101110010101000011110101110011111000010111111001110
0111000100101010110011110001111000010001101011010100101110110001
0100001110111100011111101010011011001001100001111001000001001100
------
0x98D425B200C675DC
0x454E93C51CE9DB84
0x77FDCA87AE7C2FCE
0x712ACF1E11AD4BB1
0x43BC7EA6C987904C
------
##############################################
alpha3: 
0110110000010100000010101000010001000000010000010110000000000000
0010000000000000100010101010000000001000110000100100000000000001
1010110011000011000010011000010000000000000000000000000000000001
0001010001000111000010111010000101001001100000100000000000000000
1011000000000001100010010000011001000000000000000100000000000001
------
0x6C140A8440416000
0x20008AA008C24001
0xACC3098400000001
0x14470BA149820000
0xB001890640004001
------
##############################################
Value_in3: 
0011011000011100111000011110010101001001011100110000111011100100
1100010100000011010101001111101011111011111011111101101010000000
1101100100011111110100010110101001100111111110111100100010010111
0010110011101001001101101001100111111000001001000010100000110101
0011100001011110010011001001010111100010001101010000000101010010
------
0x361CE1E549730EE4
0xC50354FAFBEFDA80
0xD91FD16A67FBC897
0x2CE93699F8242835
0x385E4C95E2350152
------
##############################################
Value_out3: 
0101101000001000111010110110000100001001001100100110111011100100
1110010100000011110111100101101011110011001011011001101010000001
0111010111011100110110001110111001100111111110111100100010010110
0011100010101110001111010011100010110001101001100010100000110101
1000100001011111110001011001001110100010001101010100000101010011
------
0x5A08EB6109326EE4
0xE503DE5AF32D9A81
0x75DCD8EE67FBC896
0x38AE3D38B1A62835
0x885FC593A2354153
------
##############################################
beta3: 
1001010010010010000000000000001100001001100000000110000000000000
1111110000010100100000111000011101001001010000010010000000000000
0001110010000100000010111010001100001000110000100000000000000000
0100000010000101100000110010001001001000000000100000000000000001
0100000001000111000000100010010100001001000000110000000000000001
------
0x9492000309806000
0xFC14838749412000
0x1C840BA308C20000
0x4085832248020001
0x4047022509030001
------
##############################################
Value_in3^S: 
1100001111101000000001101111011011100101111011101111011010000101
1111001110111100010010101000001100110100100110011111110101000011
1111001111110101001100100110101101100001111110101110110001101001
0010101010100011011111100111110111000111011001110011110100110011
1101010110110110001010101000011001001010101110001111100101100111
------
0xC3E806F6E5EEF685
0xF3BC4A833499FD43
0xF3F5326B61FAEC69
0x2AA37E7DC7673D33
0xD5B62A864AB8F967
------
##############################################
Value_out3^S: 
0101011101111010000001101111010111101100011011101001011010000101
0000111110101000110010010000010001111101110110001101110101000011
1110111101110001001110011100100001101001001110001110110001101001
0110101000100110111111010101111110001111011001010011110100110010
1001010111110001001010001010001101000011101110111111100101100110
------
0x577A06F5EC6E9685
0x0FA8C9047DD8DD43
0xEF7139C86938EC69
0x6A26FD5F8F653D32
0x95F128A343BBF966
------
False! not satisfy
False! not satisfy
False! not satisfy
False! not satisfy
False! not satisfy
False! not satisfy
False! not satisfy
False! not satisfy
False! not satisfy
False! not satisfy
False! not satisfy
False! not satisfy
False! not satisfy
False! not satisfy
False! not satisfy
False! not satisfy
False! not satisfy
False! not satisfy
False! not satisfy
False! not satisfy
False! not satisfy
False! not satisfy
False! not satisfy
False! not satisfy
False! not satisfy
False! not satisfy
False! not satisfy
False! not satisfy
False! not satisfy
False! not satisfy
False! not satisfy
False! not satisfy
False! not satisfy
False! not satisfy
False! not satisfy
False! not satisfy
False! not satisfy
False! not satisfy
False! not satisfy
False! not satisfy
False! not satisfy
False! not satisfy
False! not satisfy
False! not satisfy
False! not satisfy
False! not satisfy
False! not satisfy
False! not satisfy
False! not satisfy
False! not satisfy
False! not satisfy
False! not satisfy
False! not satisfy
False! not satisfy
False! not satisfy
False! not satisfy
False! not satisfy
False! not satisfy
False! not satisfy
False! not satisfy
False! not satisfy
False! not satisfy
False! not satisfy
False! not satisfy
False! not satisfy
False! not satisfy
False! not satisfy
False! not satisfy
False! not satisfy
False! not satisfy
False! not satisfy
False! not satisfy
False! not satisfy
False! not satisfy
False! not satisfy
False! not satisfy
False! not satisfy
False! not satisfy
False! not satisfy
False! not satisfy
False! not satisfy
False! not satisfy
False! not satisfy
False! not satisfy
False! not satisfy
False! not satisfy
False! not satisfy
False! not satisfy
False! not satisfy
False! not satisfy
False! not satisfy
False! not satisfy
False! not satisfy
False! not satisfy
False! not satisfy
check over
