--------------------Print Solution Start-------------------------------
Value_in: 
0101000110110111111110101001010110100001000001101100101010100111
1001000101000000000011001101101010001000001110101000101000100001
0101101011100110111010001011010011011000111010101010100111001100
0100110000011000000001101100111000000001011011100110110101010100
1000000101011110010111001000110001000010000010101011011011011100
------
0x51B7FA95A106CAA7
0x91400CDA883A8A21
0x5AE6E8B4D8EAA9CC
0x4C1806CE016E6D54
0x815E5C8C420AB6DC
------
-------------------------Print Done :)--------------------------------
##############################################
alpha0: 
0000000000000100000100000000000000000000000000000000000000000000
0000000000000000000000000000000000000000000000000000000000000000
0000000000000000000000000000000000000000000000000000000000000000
0000000000000000000000000000000000000000000000000000000000000000
0000000000000000000000000000000000000000000000000000000000000000
------
0x0004100000000000
0x0000000000000000
0x0000000000000000
0x0000000000000000
0x0000000000000000
------
##############################################
input Value_in state at round 0: 
0101000110110111111110101001010110100001000001101100101010100111
1001000101000000000011001101101010001000001110101000101000100001
0101101011100110111010001011010011011000111010101010100111001100
0100110000011000000001101100111000000001011011100110110101010100
1000000101011110010111001000110001000010000010101011011011011100
------
0x51B7FA95A106CAA7
0x91400CDA883A8A21
0x5AE6E8B4D8EAA9CC
0x4C1806CE016E6D54
0x815E5C8C420AB6DC
------
##############################################
input Value_out  state at round 0: 
0101000110110011111010101001010110100001000001101100101010100111
1001000101000000000011001101101010001000001110101000101000100001
0101101011100110111010001011010011011000111010101010100111001100
0100110000011000000001101100111000000001011011100110110101010100
1000000101011110010111001000110001000010000010101011011011011100
------
0x51B3EA95A106CAA7
0x91400CDA883A8A21
0x5AE6E8B4D8EAA9CC
0x4C1806CE016E6D54
0x815E5C8C420AB6DC
------
start round function
##############################################
beta0: 
0000000000000100000100000000000000000000000000000000000000000000
0000000000000100000100000000000000000000000000000000000000000000
0000000000000000000000000000000000000000000000000000000000000000
0000000000000000000000000000000000000000000000000000000000000000
0000000000000000000000000000000000000000000000000000000000000000
------
0x0004100000000000
0x0004100000000000
0x0000000000000000
0x0000000000000000
0x0000000000000000
------
##############################################
Value_in0^S: 
0101011000001001000101001011110111111000100110100000010011101111
0000111100010111010010000110011100111010110110001001101100000110
1011010100011111010000111001000111101101001011110100111001101010
0001011001010001000111101011100110110011101101101111100010110010
1100110001000110010100101000000001001011010101100101100110001000
------
0x560914BDF89A04EF
0x0F1748673AD89B06
0xB51F4391ED2F4E6A
0x16511EB9B3B6F8B2
0xCC4652804B565988
------
##############################################
Value_out0^S: 
0101011000001101000001001011110111111000100110100000010011101111
0000111100010011010110000110011100111010110110001001101100000110
1011010100011111010000111001000111101101001011110100111001101010
0001011001010001000111101011100110110011101101101111100010110010
1100110001000110010100101000000001001011010101100101100110001000
------
0x560D04BDF89A04EF
0x0F1358673AD89B06
0xB51F4391ED2F4E6A
0x16511EB9B3B6F8B2
0xCC4652804B565988
------
##############################################
alpha1: 
0000000000000100000100000000000010000010010000010000000000000000
0000000000100100100100000000000000000000000000000000100000100000
0000000000000000000000000000000000000000000000000000000000000000
0000000000000000000000000000000000000000000000000000000000000000
0000000000000000000000000000000000000000000000000000000000000000
------
0x0004100082410000
0x0024900000000820
0x0000000000000000
0x0000000000000000
0x0000000000000000
------
##############################################
Value_in1: 
1001111100110100101100001000100110111010100111001111000000100011
1011100111011000101110100110100011100000000000100110110110100110
0100010101000100100111110101011101011100000011000101010001100110
0100011010001101100000011101011010010010100001101100110011010111
1001110111111011011101010000100110001111101001101101011000010010
------
0x9F34B089BA9CF023
0xB9D8BA68E0026DA6
0x45449F575C0C5466
0x468D81D69286CCD7
0x9DFB75098FA6D612
------
##############################################
Value_out1: 
1001111100110000101000001000100100111000110111011111000000100011
1011100111111100001010100110100011100000000000100110010110000110
0100010101000100100111110101011101011100000011000101010001100110
0100011010001101100000011101011010010010100001101100110011010111
1001110111111011011101010000100110001111101001101101011000010010
------
0x9F30A08938DDF023
0xB9FC2A68E0026586
0x45449F575C0C5466
0x468D81D69286CCD7
0x9DFB75098FA6D612
------
##############################################
beta1: 
0000000000100100100100000000000000000010010000010000100000000000
0000000000100000100100000000000010000010010000010000000000100000
0000000000100100100100000000000000000000000000000000100000100000
0000000000100100100100000000000010000010010000010000100000100000
0000000000100100000100000000000010000000000000000000100000000000
------
0x0024900002410800
0x0020900082410020
0x0024900000000820
0x0024900082410820
0x0024100080000800
------
##############################################
Value_in1^S: 
0010010010101101000011100010000011110100000101100110010101110011
1111110100010010111110100011111111001011101101001001111101000000
1001101000010001101011101100100101001110110100011101010011011110
0010001111101010110100011110000000000011101100101100001111000110
0110001001100110110011101011011111011101001000000101001101000011
------
0x24AD0E20F4166573
0xFD12FA3FCBB49F40
0x9A11AEC94ED1D4DE
0x23EAD1E003B2C3C6
0x6266CEB7DD205343
------
##############################################
Value_out1^S: 
0010010010001001100111100010000011110110010101110110110101110011
1111110100110010011010100011111101001001111101011001111101100000
1001101000110101001111101100100101001110110100011101110011111110
0010001111001110010000011110000010000001111100111100101111100110
0110001001000010110111101011011101011101001000000101101101000011
------
0x24899E20F6576D73
0xFD326A3F49F59F60
0x9A353EC94ED1DCFE
0x23CE41E081F3CBE6
0x6242DEB75D205B43
------
##############################################
alpha2: 
0000010100110100000100000000010010010010000010000000100001001000
0000000000100000100100100000010011010000010010010100000000000000
1000000000110110010010100100000000000000000000000000110000010000
1000110000110100100110010011011011001010011000011101100101000010
0000000001100100010110000010010010000001000000000001101000011000
------
0x0534100492080848
0x00209204D0494000
0x80364A4000000C10
0x8C349936CA61D942
0x0064582481001A18
------
##############################################
Value_in2: 
1010100101100101001111011000011100011111000000101001100111111110
0110101000010010010000101111111100010111111010100100000010110011
1010110101110001001111110001011011001100100000100111100111100010
1011001110000001001110101010000100010011010000100010111010101111
1011111101001100100100110000001100010011001010110010000010000010
------
0xA9653D871F0299FE
0x6A1242FF17EA40B3
0xAD713F16CC8279E2
0xB3813AA113422EAF
0xBF4C9303132B2082
------
##############################################
Value_out2: 
1010110001010001001011011000001110001101000010101001000110110110
0110101000110010110100001111101111000111101000110000000010110011
0010110101000111011101010101011011001100100000100111010111110010
0011111110110101101000111001011111011001001000111111011111101101
1011111100101000110010110010011110010010001010110011101010011010
------
0xAC512D838D0A91B6
0x6A32D0FBC7A300B3
0x2D477556CC8275F2
0x3FB5A397D923F7ED
0xBF28CB27922B3A9A
------
##############################################
beta2: 
0000100100110100110000010001011001001011001010011101110100011010
1000110101010100110000100011001011010011010000011001101000010000
0000110001010010000100010110011011010010011010000100010000000010
1000000100100110000010000101000000000000001010000000111000011000
1000110001000000100100010011001010011000001000011000001101001010
------
0x0934C1164B29DD1A
0x8D54C232D3419A10
0x0C521166D2684402
0x8126085000280E18
0x8C4091329821834A
------
##############################################
Value_in2^S: 
1111011110010111011110100101110111010111100000101100111011010010
1100100111011010110100110111101111010011110000011100011011100011
0011010011010000000000110001010000100100101111101100011001111100
0110101010001110110000000100111011000100000000111010011001111100
0110010011011111111010011101100100010011101010110100111010101110
------
0xF7977A5DD782CED2
0xC9DAD37BD3C1C6E3
0x34D0031424BEC67C
0x6A8EC04EC403A67C
0x64DFE9D913AB4EAE
------
##############################################
Value_out2^S: 
1111111010100011101110110100101110011100101010110001001111001000
0100010010001110000100010100100100000000100000000101110011110011
0011100010000010000100100111001011110110110101101000001001111110
1110101110101000110010000001111011000100001010111010100001100100
1110100010011111011110001110101110001011100010101100110111100100
------
0xFEA3BB4B9CAB13C8
0x448E114900805CF3
0x38821272F6D6827E
0xEBA8C81EC42BA864
0xE89F78EB8B8ACDE4
------
##############################################
alpha3: 
1000000000001010010100011001000001000000010001110000010100011011
1000001001010100010100001001000001101000010101111110001100010000
0000001001001010010100011001000000100000000101011100011100010011
0000000000001010000000010100000100010000000000000000010000001111
1000000000010100000000001101000101011000010101111110000000000100
------
0x800A51904047051B
0x825450906857E310
0x024A51902015C713
0x000A01411000040F
0x801400D15857E004
------
##############################################
Value_in3: 
1101011001100001110010011000000001000001101111101101000111111111
0111000010101011110010110010100010001010010111000100010001011011
1101111001101011010000101001001001100110011100110101111001011011
0010011010101010010101101011100110110111100101011100010010010100
1101010010011111100000111010110111110110101111100111011111000111
------
0xD661C98041BED1FF
0x70ABCB288A5C445B
0xDE6B429266735E5B
0x26AA56B9B795C494
0xD49F83ADF6BE77C7
------
##############################################
Value_out3: 
0101011001101011100110000001000000000001111110011101010011100100
1111001011111111100110111011100011100010000010111010011101001011
1101110000100001000100110000001001000110011001101001100101001000
0010011010100000010101111111100010100111100101011100000010011011
0101010010001011100000110111110010101110111010011001011111000011
------
0x566B981001F9D4E4
0xF2FF9BB8E20BA74B
0xDC21130246669948
0x26A057F8A795C09B
0x548B837CAEE997C3
------
##############################################
beta3: 
1000001001011110010100011101000101111000010101111110011100011111
0000000000000000000000000000000000000000000000000000000000000000
0000000000000000000000000000000000000000000000000000000000000000
0000000000000000000000000000000000000000000000000000000000000000
0000000000000000000000000000000000000000000000000000000000000000
------
0x825E51D17857E71F
0x0000000000000000
0x0000000000000000
0x0000000000000000
0x0000000000000000
------
##############################################
Value_in3^S: 
0000111010001010000111101010101110011010010101000100111110101000
1111110000111111110101111001011001001010111011110011110011110111
1000000100101010111101110100000101010011111110101101011001111111
0101100010110101010101000010111010101101100100001110100100111100
1000001000110100010101000001010001001001011101111111001100010000
------
0x0E8A1EAB9A544FA8
0xFC3FD7964AEF3CF7
0x812AF74153FAD67F
0x58B5542EAD90E93C
0x823454144977F310
------
##############################################
Value_out3^S: 
1000110011010100010011110111101011100010000000111010100010110111
1111110000111111110101111001011001001010111011110011110011110111
1000000100101010111101110100000101010011111110101101011001111111
0101100010110101010101000010111010101101100100001110100100111100
1000001000110100010101000001010001001001011101111111001100010000
------
0x8CD44F7AE203A8B7
0xFC3FD7964AEF3CF7
0x812AF74153FAD67F
0x58B5542EAD90E93C
0x823454144977F310
------
##############################################
alpha4: 
1111101111000011110100000110001010010111100010001101010100000010
0000000000000000000000000000000000000000000000000000000000000000
0000000000000000000000000000000000000000000000000000000000000000
0000000000000000000000000000000000000000000000000000000000000000
0000000000000000000000000000000000000000000000000000000000000000
------
0xFBC3D0629788D502
0x0000000000000000
0x0000000000000000
0x0000000000000000
0x0000000000000000
------
##############################################
Value_in4: 
0010001000111011111001011111101000110001001000001101011001011011
0011000101010100101101010101110111110010011011101010010011100111
1011111110111011001001110011110011111111010010000101011000011001
0110001100111101010101010010000100001100001011001101101111001110
1010100100010100100001110100010111101001101001000000011011011100
------
0x223BE5FA3120D65B
0x3154B55DF26EA4E7
0xBFBB273CFF485619
0x633D55210C2CDBCE
0xA9148745E9A406DC
------
##############################################
Value_out4: 
1101100111111000001101011001100010100110101010000000001101011001
0011000101010100101101010101110111110010011011101010010011100111
1011111110111011001001110011110011111111010010000101011000011001
0110001100111101010101010010000100001100001011001101101111001110
1010100100010100100001110100010111101001101001000000011011011100
------
0xD9F83598A6A80359
0x3154B55DF26EA4E7
0xBFBB273CFF485619
0x633D55210C2CDBCE
0xA9148745E9A406DC
------
check over
