--------------------Print Solution Start-------------------------------
Value_in: 
0000001101111110100100010011110000101011001011011000111101111011
0111101011000001000000010000010100111101100001110011100101011111
0111111100111110000011111011000111001000110001001101110111100101
1101000100011000010010100111110011001001000110111011001001000010
1010010000111101001101111111100110001100000011100000010010101100
------
0x037E913C2B2D8F7B
0x7AC101053D87395F
0x7F3E0FB1C8C4DDE5
0xD1184A7CC91BB242
0xA43D37F98C0E04AC
------
-------------------------Print Done :)--------------------------------
##############################################
alpha0: 
0000000000000100000100000000000000000000000000000000000000000000
0000000000000000000000000000000000000000000000000000000000000000
0000000000000000000000000000000000000000000000000000000000000000
0000000000000000000000000000000000000000000000000000000000000000
0000000000000000000000000000000000000000000000000000000000000000
------
0x0004100000000000
0x0000000000000000
0x0000000000000000
0x0000000000000000
0x0000000000000000
------
##############################################
input Value_in state at round 0: 
0000001101111110100100010011110000101011001011011000111101111011
0111101011000001000000010000010100111101100001110011100101011111
0111111100111110000011111011000111001000110001001101110111100101
1101000100011000010010100111110011001001000110111011001001000010
1010010000111101001101111111100110001100000011100000010010101100
------
0x037E913C2B2D8F7B
0x7AC101053D87395F
0x7F3E0FB1C8C4DDE5
0xD1184A7CC91BB242
0xA43D37F98C0E04AC
------
##############################################
input Value_out  state at round 0: 
0000001101111010100000010011110000101011001011011000111101111011
0111101011000001000000010000010100111101100001110011100101011111
0111111100111110000011111011000111001000110001001101110111100101
1101000100011000010010100111110011001001000110111011001001000010
1010010000111101001101111111100110001100000011100000010010101100
------
0x037A813C2B2D8F7B
0x7AC101053D87395F
0x7F3E0FB1C8C4DDE5
0xD1184A7CC91BB242
0xA43D37F98C0E04AC
------
start round function
##############################################
beta0: 
0000000000000100000100000000000000000000000000000000000000000000
0000000000000100000100000000000000000000000000000000000000000000
0000000000000000000000000000000000000000000000000000000000000000
0000000000000000000000000000000000000000000000000000000000000000
0000000000000000000000000000000000000000000000000000000000000000
------
0x0004100000000000
0x0004100000000000
0x0000000000000000
0x0000000000000000
0x0000000000000000
------
##############################################
Value_in0^S: 
1000111111011000110101001111000000111010111100101100100100110001
0000100010111100111010010011100001010010111111000110010010001000
1101111000100101110001001100101000001110101110000001111100011001
0111001010000000111100110000100110011010011111100101101110110101
0010110110100101011111001000010101011101100100011000011011100110
------
0x8FD8D4F03AF2C931
0x08BCE93852FC6488
0xDE25C4CA0EB81F19
0x7280F3099A7E5BB5
0x2DA57C855D9186E6
------
##############################################
Value_out0^S: 
1000111111011100110001001111000000111010111100101100100100110001
0000100010111000111110010011100001010010111111000110010010001000
1101111000100101110001001100101000001110101110000001111100011001
0111001010000000111100110000100110011010011111100101101110110101
0010110110100101011111001000010101011101100100011000011011100110
------
0x8FDCC4F03AF2C931
0x08B8F93852FC6488
0xDE25C4CA0EB81F19
0x7280F3099A7E5BB5
0x2DA57C855D9186E6
------
##############################################
alpha1: 
0000000000000100000100000000000010000010010000010000000000000000
0000000000100100100100000000000000000000000000000000100000100000
0000000000000000000000000000000000000000000000000000000000000000
0000000000000000000000000000000000000000000000000000000000000000
0000000000000000000000000000000000000000000000000000000000000000
------
0x0004100082410000
0x0024900000000820
0x0000000000000000
0x0000000000000000
0x0000000000000000
------
##############################################
Value_in1: 
0111100111010010011101100001001111011101111000011000000101101100
0011110111111110010110000011001111010101000011100011100100011010
0101011001001111101100011011110000100001110111101111000011101001
1011001000000110111010100111010100100001100111000000100100011100
1010001101010000111111101011111100100100001111000111011101010101
------
0x79D27613DDE1816C
0x3DFE5833D50E391A
0x564FB1BC21DEF0E9
0xB206EA75219C091C
0xA350FEBF243C7755
------
##############################################
Value_out1: 
0111100111010110011001100001001101011111101000001000000101101100
0011110111011010110010000011001111010101000011100011000100111010
0101011001001111101100011011110000100001110111101111000011101001
1011001000000110111010100111010100100001100111000000100100011100
1010001101010000111111101011111100100100001111000111011101010101
------
0x79D666135FA0816C
0x3DDAC833D50E313A
0x564FB1BC21DEF0E9
0xB206EA75219C091C
0xA350FEBF243C7755
------
##############################################
beta1: 
0000000000100100100100000000000000000010010000010000100000000000
0000000000100000100100000000000010000010010000010000000000100000
0000000000100100100100000000000000000000000000000000100000100000
0000000000100100100100000000000010000010010000010000100000100000
0000000000100100000100000000000010000000000000000000100000000000
------
0x0024900002410800
0x0020900082410020
0x0024900000000820
0x0024900082410820
0x0024100080000800
------
##############################################
Value_in1^S: 
1010110010101001011011011111100111011000101011110100000101110010
0011010101111011011100110110001100001101000011110000111100101111
1001010100011110000000101111101000001111000011110100000010101100
0001001001100111100111110101010000101001001100010011011001111111
0011010000101010010001001101100100000001101000100111011101001011
------
0xACA96DF9D8AF4172
0x357B73630D0F0F2F
0x951E02FA0F0F40AC
0x12679F542931367F
0x342A44D901A2774B
------
##############################################
Value_out1^S: 
1010110010001101111111011111100111011010111011100100100101110010
0011010101011011111000110110001110001111010011100000111100001111
1001010100111010100100101111101000001111000011110100100010001100
0001001001000011000011110101010010101011011100000011111001011111
0011010000001110010101001101100110000001101000100111111101001011
------
0xAC8DFDF9DAEE4972
0x355BE3638F4E0F0F
0x953A92FA0F0F488C
0x12430F54AB703E5F
0x340E54D981A27F4B
------
##############################################
alpha2: 
0000010100110100000100000000010010010010000010000000100001001000
0000000000100000100100100000010011010000010010010100000000000000
1000000000110110010010100100000000000000000000000000110000010000
1000110000110100100110010011011011001010011000011101100101000010
0000000001100100010110000010010010000001000000000001101000011000
------
0x0534100492080848
0x00209204D0494000
0x80364A4000000C10
0x8C349936CA61D942
0x0064582481001A18
------
##############################################
Value_in2: 
1100111001110011001011110100011000111111100001101010010111111010
0101100010111010111101100110010100111011000111011000000010110000
0110110111000101011110111000110011100000101101001101110111111000
0001011010011100100011111000000000110011100100010110111010101010
1100111011000010110000010110101100010110001110110010011010000111
------
0xCE732F463F86A5FA
0x58BAF6653B1D80B0
0x6DC57B8CE0B4DDF8
0x169C8F8033916EAA
0xCEC2C16B163B2687
------
##############################################
Value_out2: 
1100101101000111001111110100001010101101100011101010110110110010
0101100010011010011001000110000111101011010101001100000010110000
1110110111110011001100011100110011100000101101001101000111101000
1001101010101000000101101011011011111001111100001011011111101000
1100111010100110100110010100111110010111001110110011110010011111
------
0xCB473F42AD8EADB2
0x589A6461EB54C0B0
0xEDF331CCE0B4D1E8
0x9AA816B6F9F0B7E8
0xCEA6994F973B3C9F
------
##############################################
beta2: 
0000100100110100110000010001011001001011001010011101110100011010
1000110101010100110000100011001011010011010000011001101000010000
0000110001010010000100010110011011010010011010000100010000000010
1000000100100110000010000101000000000000001010000000111000011000
1000110001000000100100010011001010011000001000011000001101001010
------
0x0934C1164B29DD1A
0x8D54C232D3419A10
0x0C521166D2684402
0x8126085000280E18
0x8C4091329821834A
------
##############################################
Value_in2^S: 
1010010110100000101110010000111011011110101101111001011011011010
0111111111001110000100111100000011110010000100000111110011100111
0000001011000010001100100111110100100000011111001010001001100000
1110101100000000111000100000011011100100000001111011000001100101
1000000001010100010111101010101100110111101010100100100010101101
------
0xA5A0B90EDEB796DA
0x7FCE13C0F2107CE7
0x02C2327D207CA260
0xEB00E206E407B065
0x80545EAB37AA48AD
------
##############################################
Value_out2^S: 
1010110010010100011110000001100010010101100111100100101111000000
1111001010011010110100011111001000100001010100011110011011110111
0000111010010000001000110001101111110010000101001110011001100010
0110101000100110111010100101011011100100001011111011111001111101
0000110000010100110011111001100110101111100010111100101111100111
------
0xAC947818959E4BC0
0xF29AD1F22151E6F7
0x0E90231BF214E662
0x6A26EA56E42FBE7D
0x0C14CF99AF8BCBE7
------
##############################################
alpha3: 
1000000000001010010100011001000001000000010001110000010100011011
1000001001010100010100001001000001101000010101111110001100010000
0000001001001010010100011001000000100000000101011100011100010011
0000000000001010000000010100000100010000000000000000010000001111
1000000000010100000000001101000101011000010101111110000000000100
------
0x800A51904047051B
0x825450906857E310
0x024A51902015C713
0x000A01411000040F
0x801400D15857E004
------
##############################################
Value_in3: 
1011110000000010100000000001000010010011100111011101110111100001
0000000001011010101011010011111010101100011011000000011111111011
1000001110101000001000111000101001000100110000110000000111011001
0010101001001000110101111011111000010100101111011100001110001010
1000111011001111001000110011001000110111000001010011011000010011
------
0xBC028010939DDDE1
0x005AAD3EAC6C07FB
0x83A8238A44C301D9
0x2A48D7BE14BDC38A
0x8ECF233237053613
------
##############################################
Value_out3: 
0011110000001000110100011000000011010011110110101101100011111010
1000001000001110111111011010111011000100001110111110010011101011
1000000111100010011100100001101001100100110101101100011011001010
0010101001000010110101101111111100000100101111011100011110000101
0000111011011011001000111110001101101111010100101101011000010111
------
0x3C08D180D3DAD8FA
0x820EFDAEC43BE4EB
0x81E2721A64D6C6CA
0x2A42D6FF04BDC785
0x0EDB23E36F52D617
------
##############################################
beta3: 
1000001001011110010100011101000101111000010101111110011100011111
0000000000000000000000000000000000000000000000000000000000000000
0000000000000000000000000000000000000000000000000000000000000000
0000000000000000000000000000000000000000000000000000000000000000
0000000000000000000000000000000000000000000000000000000000000000
------
0x825E51D17857E71F
0x0000000000000000
0x0000000000000000
0x0000000000000000
0x0000000000000000
------
##############################################
Value_in3^S: 
0001010111111000010110010011001011001111110001110001101001100010
1001100100111111010111011001011001011100011001110010110100000011
1111100010001010010100010100101100110100010100001100110100001111
0011111101110101011110100010100001011011000100101111101100011000
1010010010010101111110001001000000101011110111001111000110010000
------
0x15F85932CFC71A62
0x993F5D965C672D03
0xF88A514B3450CD0F
0x3F757A285B12FB18
0xA495F8902BDCF190
------
##############################################
Value_out3^S: 
1001011110100110000010001110001110110111100100001111110101111101
1001100100111111010111011001011001011100011001110010110100000011
1111100010001010010100010100101100110100010100001100110100001111
0011111101110101011110100010100001011011000100101111101100011000
1010010010010101111110001001000000101011110111001111000110010000
------
0x97A608E3B790FD7D
0x993F5D965C672D03
0xF88A514B3450CD0F
0x3F757A285B12FB18
0xA495F8902BDCF190
------
##############################################
alpha4: 
1111101111000011110100000110001010010111100010001101010100000010
0000000000000000000000000000000000000000000000000000000000000000
0000000000000000000000000000000000000000000000000000000000000000
0000000000000000000000000000000000000000000000000000000000000000
0000000000000000000000000000000000000000000000000000000000000000
------
0xFBC3D0629788D502
0x0000000000000000
0x0000000000000000
0x0000000000000000
0x0000000000000000
------
##############################################
Value_in4: 
0000101011000101101111011010110010011011011001001101000010110110
0111110001111101011111110111111010111000011011000011101110100100
0011101100101101010100001010101110000010101010011110100010111100
1000010011110110101110001100110001101100000100000001001000101111
1100110111001001001111010001100111000011110110010000001010001111
------
0x0AC5BDAC9B64D0B6
0x7C7D7F7EB86C3BA4
0x3B2D50AB82A9E8BC
0x84F6B8CC6C10122F
0xCDC93D19C3D9028F
------
##############################################
Value_out4: 
1111000100000110011011011100111000001100111011000000010110110100
0111110001111101011111110111111010111000011011000011101110100100
0011101100101101010100001010101110000010101010011110100010111100
1000010011110110101110001100110001101100000100000001001000101111
1100110111001001001111010001100111000011110110010000001010001111
------
0xF1066DCE0CEC05B4
0x7C7D7F7EB86C3BA4
0x3B2D50AB82A9E8BC
0x84F6B8CC6C10122F
0xCDC93D19C3D9028F
------
check over
